Build started 29.03.2015 19:38:51.
     1>Project "C:\ns\учеба мгту\методы програмирования\lab3\ochered\ConsoleApplication1\ConsoleApplication1\ConsoleApplication1.vcxproj" on node 2 (Build target(s)).
     1>ClCompile:
         C:\Program Files (x86)\Microsoft Visual Studio 12.0\VC\bin\CL.exe /c /ZI /nologo /W3 /WX- /sdl /Od /Oy- /D WIN32 /D _DEBUG /D _CONSOLE /D _LIB /D _UNICODE /D UNICODE /Gm /EHsc /RTC1 /MDd /GS /fp:precise /Zc:wchar_t /Zc:forScope /Fo"Debug\\" /Fd"Debug\vc120.pdb" /Gd /TP /analyze- /errorReport:prompt Source.cpp
         Source.cpp
     1>c:\ns\учеба мгту\методы програмирования\lab3\ochered\consoleapplication1\consoleapplication1\source.cpp(89): warning C4101: 'first' : unreferenced local variable
     1>c:\ns\учеба мгту\методы програмирования\lab3\ochered\consoleapplication1\consoleapplication1\source.cpp(88): warning C4101: 'pos2' : unreferenced local variable
     1>c:\ns\учеба мгту\методы програмирования\lab3\ochered\consoleapplication1\consoleapplication1\source.cpp(90): warning C4101: 'y' : unreferenced local variable
     1>c:\ns\учеба мгту\методы програмирования\lab3\ochered\consoleapplication1\consoleapplication1\source.cpp(89): warning C4101: 'last' : unreferenced local variable
     1>c:\ns\учеба мгту\методы програмирования\lab3\ochered\consoleapplication1\consoleapplication1\source.cpp(88): warning C4101: 'pos1' : unreferenced local variable
     1>c:\ns\учеба мгту\методы програмирования\lab3\ochered\consoleapplication1\consoleapplication1\source.cpp(88): warning C4101: 'otv' : unreferenced local variable
     1>c:\ns\учеба мгту\методы програмирования\lab3\ochered\consoleapplication1\consoleapplication1\source.cpp(90): warning C4101: 'k' : unreferenced local variable
     1>c:\ns\учеба мгту\методы програмирования\lab3\ochered\consoleapplication1\consoleapplication1\source.cpp(90): warning C4101: 'r' : unreferenced local variable
     1>c:\ns\учеба мгту\методы програмирования\lab3\ochered\consoleapplication1\consoleapplication1\source.cpp(88): warning C4101: 'da' : unreferenced local variable
     1>c:\ns\учеба мгту\методы програмирования\lab3\ochered\consoleapplication1\consoleapplication1\source.cpp(90): warning C4101: 'j' : unreferenced local variable
     1>c:\ns\учеба мгту\методы програмирования\lab3\ochered\consoleapplication1\consoleapplication1\source.cpp(90): warning C4101: 'm' : unreferenced local variable
     1>c:\ns\учеба мгту\методы програмирования\lab3\ochered\consoleapplication1\consoleapplication1\source.cpp(88): warning C4101: 'pos' : unreferenced local variable
       Link:
         C:\Program Files (x86)\Microsoft Visual Studio 12.0\VC\bin\link.exe /ERRORREPORT:PROMPT /OUT:"C:\ns\учеба мгту\методы програмирования\lab3\ochered\ConsoleApplication1\Debug\ConsoleApplication1.exe" /INCREMENTAL /NOLOGO kernel32.lib user32.lib gdi32.lib winspool.lib comdlg32.lib advapi32.lib shell32.lib ole32.lib oleaut32.lib uuid.lib odbc32.lib odbccp32.lib /MANIFEST /MANIFESTUAC:"level='asInvoker' uiAccess='false'" /manifest:embed /DEBUG /PDB:"C:\ns\учеба мгту\методы програмирования\lab3\ochered\ConsoleApplication1\Debug\ConsoleApplication1.pdb" /SUBSYSTEM:CONSOLE /TLBID:1 /DYNAMICBASE /NXCOMPAT /IMPLIB:"C:\ns\учеба мгту\методы програмирования\lab3\ochered\ConsoleApplication1\Debug\ConsoleApplication1.lib" /MACHINE:X86 Debug\Source.obj
         ConsoleApplication1.vcxproj -> C:\ns\учеба мгту\методы програмирования\lab3\ochered\ConsoleApplication1\Debug\ConsoleApplication1.exe
     1>Done Building Project "C:\ns\учеба мгту\методы програмирования\lab3\ochered\ConsoleApplication1\ConsoleApplication1\ConsoleApplication1.vcxproj" (Build target(s)).

Build succeeded.

Time Elapsed 00:00:00.83
